<?xml version="1.0" encoding="UTF-8"?>
<!-- Generated by org.testng.reporters.JUnitReportReporter -->
<testsuite hostname="Arjun" failures="0" tests="1" name="assertion.Screenshot1" time="18.185" errors="0" timestamp="2024-05-16T10:48:26 IST" skipped="0">
  <testcase classname="assertion.Screenshot1" name="takeScreenshot" time="18.185"/>
  <system-out/>
</testsuite> <!-- assertion.Screenshot1 -->
