<?xml version="1.0" encoding="UTF-8"?>
<!-- Generated by org.testng.reporters.JUnitReportReporter -->
<testsuite hostname="Arjun" failures="0" tests="1" name="assertion.Screenshot" time="3.625" errors="0" timestamp="2024-05-16T10:47:14 IST" skipped="0">
  <testcase classname="assertion.Screenshot" name="takeScreenshot" time="3.625"/>
  <system-out/>
</testsuite> <!-- assertion.Screenshot -->
