<?xml version="1.0" encoding="UTF-8"?>
<!-- Generated by org.testng.reporters.JUnitReportReporter -->
<testsuite hostname="Arjun" failures="0" tests="1" name="extendreporttest.ExtendReportScreenshotMain" time="3.734" errors="0" timestamp="2024-05-21T11:13:44 IST" skipped="0">
  <testcase classname="extendreporttest.ExtendReportScreenshotMain" name="createContactTest" time="3.734"/>
  <system-out/>
</testsuite> <!-- extendreporttest.ExtendReportScreenshotMain -->
