<?xml version="1.0" encoding="UTF-8"?>
<!-- Generated by org.testng.reporters.JUnitReportReporter -->
<testsuite hostname="Arjun" failures="0" tests="1" name="assertion.TrialAndError" time="2.266" errors="0" timestamp="2024-05-15T16:05:44 IST" skipped="0">
  <testcase classname="assertion.TrialAndError" name="testCase" time="2.266"/>
  <system-out/>
</testsuite> <!-- assertion.TrialAndError -->
