<?xml version="1.0" encoding="UTF-8"?>
<!-- Generated by org.testng.reporters.JUnitReportReporter -->
<testsuite hostname="Arjun" failures="0" tests="1" name="extendreporttest.ExtendReportSample" time="0.528" errors="0" timestamp="2024-05-21T09:21:30 IST" skipped="0">
  <testcase classname="extendreporttest.ExtendReportSample" name="createContactTest" time="0.528"/>
  <system-out/>
</testsuite> <!-- extendreporttest.ExtendReportSample -->
