<?xml version="1.0" encoding="UTF-8"?>
<!-- Generated by org.testng.reporters.JUnitReportReporter -->
<testsuite hostname="Arjun" failures="0" tests="1" name="assertion.Reporter1" time="0.014" errors="0" timestamp="2024-05-17T17:11:19 IST" skipped="0">
  <testcase classname="assertion.Reporter1" name="homePageTest" time="0.014"/>
  <system-out>
homePageTestTest STARTS Step-1 Step-2 Step-3 Step-4 homePageTestTest ENDS  </system-out>
</testsuite> <!-- assertion.Reporter1 -->
