<?xml version="1.0" encoding="UTF-8"?>
<!-- Generated by org.testng.reporters.JUnitReportReporter -->
<testsuite hostname="Arjun" failures="0" tests="2" name="comcastPractiseFramework.HomePageTest" time="19.538" errors="0" timestamp="2024-05-15T10:28:31 IST" skipped="0">
  <testcase classname="comcastPractiseFramework.HomePageTest" name="homeLogoTest" time="10.146"/>
  <system-out/>
  <testcase classname="comcastPractiseFramework.HomePageTest" name="homePageTest" time="9.392"/>
  <system-out/>
</testsuite> <!-- comcastPractiseFramework.HomePageTest -->
