<?xml version="1.0" encoding="UTF-8"?>
<!-- Generated by org.testng.reporters.JUnitReportReporter -->
<testsuite hostname="Arjun" failures="0" tests="1" name="extendreporttest.ExtendReportScreensshot" time="3.483" errors="0" timestamp="2024-05-20T18:04:05 IST" skipped="0">
  <testcase classname="extendreporttest.ExtendReportScreensshot" name="createContactTest" time="3.483"/>
  <system-out/>
</testsuite> <!-- extendreporttest.ExtendReportScreensshot -->
