<?xml version="1.0" encoding="UTF-8"?>
<!-- Generated by org.testng.reporters.JUnitReportReporter -->
<testsuite hostname="Arjun" failures="0" tests="2" name="comcastPractiseFramework.Assertion1Test" time="19.180" errors="0" timestamp="2024-05-15T11:19:44 IST" skipped="0">
  <testcase classname="comcastPractiseFramework.Assertion1Test" name="homeLogoTest" time="9.763"/>
  <system-out/>
  <testcase classname="comcastPractiseFramework.Assertion1Test" name="homePageTest" time="9.417"/>
  <system-out/>
</testsuite> <!-- comcastPractiseFramework.Assertion1Test -->
