<?xml version="1.0" encoding="UTF-8"?>
<!-- Generated by org.testng.reporters.JUnitReportReporter -->
<testsuite hostname="Arjun" failures="0" tests="1" name="extendreporttest.ExtendReportSample1" time="3.305" errors="0" timestamp="2024-05-20T17:48:48 IST" skipped="0">
  <testcase classname="extendreporttest.ExtendReportSample1" name="createContactTest" time="3.305"/>
  <system-out/>
</testsuite> <!-- extendreporttest.ExtendReportSample1 -->
